<?xml version="1.0" encoding="UTF-8"?>
<!-- Generated by org.testng.reporters.JUnitReportReporter -->
<testsuite hostname="DESKTOP-DCE6QL0" failures="0" tests="1" name="Verify_Link.Verify_Privacy_Policy" time="7.031" errors="0" timestamp="2021-05-06T15:20:01 ICT" skipped="0">
  <testcase classname="Verify_Link.Verify_Privacy_Policy" name="Privacy_Policy" time="7.031"/>
  <system-out/>
</testsuite> <!-- Verify_Link.Verify_Privacy_Policy -->
