<?xml version="1.0" encoding="UTF-8"?>
<!-- Generated by org.testng.reporters.JUnitReportReporter -->
<testsuite hostname="DESKTOP-DCE6QL0" failures="0" tests="2" name="Product.Detail_Product" time="16.225" errors="0" timestamp="2021-05-07T13:57:18 ICT" skipped="0">
  <testcase classname="Product.Detail_Product" name="Login" time="14.029"/>
  <system-out/>
  <testcase classname="Product.Detail_Product" name="Detail_product" time="2.196"/>
  <system-out/>
</testsuite> <!-- Product.Detail_Product -->
