<?xml version="1.0" encoding="UTF-8"?>
<!-- Generated by org.testng.reporters.JUnitReportReporter -->
<testsuite hostname="DESKTOP-DCE6QL0" failures="0" tests="2" name="Account.Logout_Account" time="19.740" errors="0" timestamp="2021-05-06T14:45:55 ICT" skipped="0">
  <testcase classname="Account.Logout_Account" name="Login" time="17.361"/>
  <system-out/>
  <testcase classname="Account.Logout_Account" name="Logout" time="2.379"/>
  <system-out/>
</testsuite> <!-- Account.Logout_Account -->
