<?xml version="1.0" encoding="UTF-8"?>
<!-- Generated by org.testng.reporters.JUnitReportReporter -->
<testsuite hostname="DESKTOP-DCE6QL0" failures="0" tests="1" name="Account.Login_Account" time="7.207" errors="0" timestamp="2021-05-06T13:59:11 ICT" skipped="0">
  <testcase classname="Account.Login_Account" name="Login" time="7.207"/>
  <system-out/>
</testsuite> <!-- Account.Login_Account -->
